0 info it worked if it ends with ok
1 verbose cli [ '/usr/local/bin/node',
1 verbose cli   '/usr/local/bin/npm',
1 verbose cli   'install',
1 verbose cli   'coffeescript',
1 verbose cli   '-g' ]
2 info using npm@6.4.1
3 info using node@v8.12.0
4 verbose npm-session 841887db5fb52f1a
5 silly install loadCurrentTree
6 silly install readGlobalPackageData
7 http fetch GET 200 https://registry.npmjs.org/coffeescript 1351ms
8 silly pacote tag manifest for coffeescript@latest fetched in 1693ms
9 timing stage:loadCurrentTree Completed in 4757ms
10 silly install loadIdealTree
11 silly install cloneCurrentTreeToIdealTree
12 timing stage:loadIdealTree:cloneCurrentTree Completed in 6ms
13 silly install loadShrinkwrap
14 timing stage:loadIdealTree:loadShrinkwrap Completed in 38ms
15 silly install loadAllDepsIntoIdealTree
16 silly resolveWithNewModule coffeescript@2.3.2 checking installable status
17 timing stage:loadIdealTree:loadAllDepsIntoIdealTree Completed in 107ms
18 timing stage:loadIdealTree Completed in 178ms
19 silly currentTree lib
20 silly idealTree lib
20 silly idealTree └── coffeescript@2.3.2
21 silly install generateActionsToTake
22 warn checkPermissions Missing write access to /usr/local/lib/node_modules
23 timing stage:rollbackFailedOptional Completed in 12ms
24 timing stage:runTopLevelLifecycles Completed in 5109ms
25 verbose stack Error: EACCES: permission denied, access '/usr/local/lib/node_modules'
26 verbose cwd /home/pi/node_client
27 verbose Linux 4.14.50+
28 verbose argv "/usr/local/bin/node" "/usr/local/bin/npm" "install" "coffeescript" "-g"
29 verbose node v8.12.0
30 verbose npm  v6.4.1
31 error path /usr/local/lib/node_modules
32 error code EACCES
33 error errno -13
34 error syscall access
35 error Error: EACCES: permission denied, access '/usr/local/lib/node_modules'
35 error  { Error: EACCES: permission denied, access '/usr/local/lib/node_modules'
35 error   stack: 'Error: EACCES: permission denied, access \'/usr/local/lib/node_modules\'',
35 error   errno: -13,
35 error   code: 'EACCES',
35 error   syscall: 'access',
35 error   path: '/usr/local/lib/node_modules' }
36 error The operation was rejected by your operating system.
36 error It is likely you do not have the permissions to access this file as the current user
36 error
36 error If you believe this might be a permissions issue, please double-check the
36 error permissions of the file and its containing directories, or try running
36 error the command again as root/Administrator (though this is not recommended).
37 verbose exit [ -13, true ]
